<?xml version="1.0" encoding="UTF-8"?>
<!-- Generated by org.testng.reporters.JUnitXMLReporter -->
<testsuite ignored="0" hostname="LAPTOP-ECIJOHCB" failures="0" tests="4" name="EdgeTest" time="17.048" errors="0" timestamp="2023-02-21T22:58:32 IST">
  <testcase classname="Package_TestNg.TestNg_Class" name="test" time="0.002"/>
  <testcase classname="Package_TestNg.TestNg_ExecutionClass" name="verifyTermsLink" time="2.754"/>
  <testcase classname="Package_TestNg.TestNg_ExecutionClass" name="verifyPrivacyPolicyLink" time="2.949"/>
  <testcase classname="Package_TestNg.TestNg_ExecutionClass" name="verifyCookiesPolicyLink" time="2.048"/>
</testsuite> <!-- EdgeTest -->
