<?xml version="1.0" encoding="UTF-8"?>
<!-- Generated by org.testng.reporters.JUnitXMLReporter -->
<testsuite ignored="0" hostname="LAPTOP-ECIJOHCB" failures="0" tests="4" name="FirefoxTest" time="9.625" errors="0" timestamp="2023-02-21T22:58:15 IST">
  <testcase classname="Package_TestNg.TestNg_Class" name="test" time="0.001"/>
  <testcase classname="Package_TestNg.TestNg_ExecutionClass" name="verifyTermsLink" time="0.67"/>
  <testcase classname="Package_TestNg.TestNg_ExecutionClass" name="verifyPrivacyPolicyLink" time="0.561"/>
  <testcase classname="Package_TestNg.TestNg_ExecutionClass" name="verifyCookiesPolicyLink" time="0.459"/>
</testsuite> <!-- FirefoxTest -->
