<?xml version="1.0" encoding="UTF-8"?>
<!-- Generated by org.testng.reporters.JUnitXMLReporter -->
<testsuite ignored="0" hostname="LAPTOP-ECIJOHCB" failures="0" tests="4" name="Test" time="11.031" errors="0" timestamp="2023-02-06T13:06:03 IST">
  <testcase classname="Package_TestNg.TestNg_Class" name="test" time="0.005"/>
  <testcase classname="Package_TestNg.TestNg_ExecutionClass" name="verifyTermsLink" time="1.713"/>
  <testcase classname="Package_TestNg.TestNg_ExecutionClass" name="verifyPrivacyPolicyLink" time="2.497"/>
  <testcase classname="Package_TestNg.TestNg_ExecutionClass" name="verifyCookiesPolicyLink" time="1.606"/>
</testsuite> <!-- Test -->
