<?xml version="1.0" encoding="UTF-8"?>
<!-- Generated by org.testng.reporters.JUnitXMLReporter -->
<testsuite ignored="0" hostname="LAPTOP-ECIJOHCB" failures="0" tests="4" name="Test_1" time="15.762" errors="0" timestamp="2023-02-06T13:36:55 IST">
  <testcase classname="Package_TestNg.TestNg_Class" name="test" time="0.005"/>
  <testcase classname="Package_TestNg.TestNg_ExecutionClass" name="verifyTermsLink" time="2.558"/>
  <testcase classname="Package_TestNg.TestNg_ExecutionClass" name="verifyPrivacyPolicyLink" time="3.249"/>
  <testcase classname="Package_TestNg.TestNg_ExecutionClass" name="verifyCookiesPolicyLink" time="2.228"/>
</testsuite> <!-- Test_1 -->
